#
# There is insufficient memory for the Java Runtime Environment to continue.
# Native memory allocation (malloc) failed to allocate 931584 bytes for Chunk::new
# Possible reasons:
#   The system is out of physical RAM or swap space
#   The process is running with CompressedOops enabled, and the Java Heap may be blocking the growth of the native heap
# Possible solutions:
#   Reduce memory load on the system
#   Increase physical memory or swap space
#   Check if swap backing store is full
#   Decrease Java heap size (-Xmx/-Xms)
#   Decrease number of Java threads
#   Decrease Java thread stack sizes (-Xss)
#   Set larger code cache with -XX:ReservedCodeCacheSize=
#   JVM is running with Unscaled Compressed Oops mode in which the Java heap is
#     placed in the first 4GB address space. The Java Heap base address is the
#     maximum limit for the native heap growth. Please use -XX:HeapBaseMinAddress
#     to set the Java Heap base and to place the Java Heap above 4GB virtual address.
# This output file may be truncated or incomplete.
#
#  Out of Memory Error (arena.cpp:184), pid=5224, tid=28728
#
# JRE version: OpenJDK Runtime Environment (19.0.2+7) (build 19.0.2+7-44)
# Java VM: OpenJDK 64-Bit Server VM (19.0.2+7-44, mixed mode, sharing, tiered, compressed oops, compressed class ptrs, g1 gc, windows-amd64)
# No core dump will be written. Minidumps are not enabled by default on client versions of Windows
#

---------------  S U M M A R Y ------------

Command Line: -agentlib:jdwp=transport=dt_socket,server=n,suspend=y,address=localhost:49317 -XX:+ShowCodeDetailsInExceptionMessages gui.Main

Host: Intel(R) Core(TM) i5-10300H CPU @ 2.50GHz, 8 cores, 7G,  Windows 11 , 64 bit Build 22621 (10.0.22621.2506)
Time: Thu Nov  2 15:51:49 2023 GMT Standart Saati elapsed time: 10.140050 seconds (0d 0h 0m 10s)

---------------  T H R E A D  ---------------

Current thread (0x000001eb1d5f4500):  JavaThread "C2 CompilerThread0" daemon [_thread_in_native, id=28728, stack(0x000000b779100000,0x000000b779200000)]


Current CompileTask:
C2:  10140 1072       4       java.util.HashMap::put (13 bytes)

Stack: [0x000000b779100000,0x000000b779200000]
Native frames: (J=compiled Java code, j=interpreted, Vv=VM code, C=native code)
V  [jvm.dll+0x6ee21a]
V  [jvm.dll+0x85765e]
V  [jvm.dll+0x85904e]
V  [jvm.dll+0x859703]
V  [jvm.dll+0x28298f]
V  [jvm.dll+0xc9adf]
V  [jvm.dll+0xc9e65]
V  [jvm.dll+0x3bca4c]
V  [jvm.dll+0x3860e1]
V  [jvm.dll+0x38555a]
V  [jvm.dll+0x24c3d9]
V  [jvm.dll+0x24b781]
V  [jvm.dll+0x1d6ce1]
V  [jvm.dll+0x25b25a]
V  [jvm.dll+0x2596e8]
V  [jvm.dll+0x807588]
V  [jvm.dll+0x80125a]
V  [jvm.dll+0x6ecf0b]
C  [ucrtbase.dll+0x29363]
C  [KERNEL32.DLL+0x1257d]
C  [ntdll.dll+0x5aa58]


---------------  P R O C E S S  ---------------

Threads class SMR info:
_java_thread_list=0x000001eb224356a0, length=21, elements={
0x000001eb1d5e70b0, 0x000001eb1d5e84b0, 0x000001eb1d5ec950, 0x000001eb1d5f03a0,
0x000001eb1d5f0cd0, 0x000001eb1d5f1e20, 0x000001eb1d5f4500, 0x000001eb1d601560,
0x000001eb1d630fd0, 0x000001eb21941c00, 0x000001eb21946590, 0x000001eb21946ae0,
0x000001eb2194af00, 0x000001eb2194b8a0, 0x000001eb21b26530, 0x000001eb21b5b3c0,
0x000001eb21b6c8f0, 0x000001eb21bcaac0, 0x000001eb223f74f0, 0x000001eb7cf6a180,
0x000001eb1d604770
}

Java Threads: ( => current thread )
  0x000001eb1d5e70b0 JavaThread "Reference Handler" daemon [_thread_blocked, id=31428, stack(0x000000b778b00000,0x000000b778c00000)]
  0x000001eb1d5e84b0 JavaThread "Finalizer" daemon [_thread_blocked, id=27820, stack(0x000000b778c00000,0x000000b778d00000)]
  0x000001eb1d5ec950 JavaThread "Signal Dispatcher" daemon [_thread_blocked, id=28724, stack(0x000000b778d00000,0x000000b778e00000)]
  0x000001eb1d5f03a0 JavaThread "Attach Listener" daemon [_thread_blocked, id=14164, stack(0x000000b778e00000,0x000000b778f00000)]
  0x000001eb1d5f0cd0 JavaThread "Service Thread" daemon [_thread_blocked, id=4596, stack(0x000000b778f00000,0x000000b779000000)]
  0x000001eb1d5f1e20 JavaThread "Monitor Deflation Thread" daemon [_thread_blocked, id=32176, stack(0x000000b779000000,0x000000b779100000)]
=>0x000001eb1d5f4500 JavaThread "C2 CompilerThread0" daemon [_thread_in_native, id=28728, stack(0x000000b779100000,0x000000b779200000)]
  0x000001eb1d601560 JavaThread "C1 CompilerThread0" daemon [_thread_blocked, id=9904, stack(0x000000b779200000,0x000000b779300000)]
  0x000001eb1d630fd0 JavaThread "Sweeper thread" daemon [_thread_blocked, id=32816, stack(0x000000b779300000,0x000000b779400000)]
  0x000001eb21941c00 JavaThread "JDWP Transport Listener: dt_socket" daemon [_thread_blocked, id=12776, stack(0x000000b779400000,0x000000b779500000)]
  0x000001eb21946590 JavaThread "JDWP Event Helper Thread" daemon [_thread_blocked, id=7320, stack(0x000000b779500000,0x000000b779600000)]
  0x000001eb21946ae0 JavaThread "JDWP Command Reader" daemon [_thread_in_native, id=23308, stack(0x000000b779600000,0x000000b779700000)]
  0x000001eb2194af00 JavaThread "Notification Thread" daemon [_thread_blocked, id=24428, stack(0x000000b779700000,0x000000b779800000)]
  0x000001eb2194b8a0 JavaThread "Common-Cleaner" daemon [_thread_blocked, id=14736, stack(0x000000b779900000,0x000000b779a00000)]
  0x000001eb21b26530 JavaThread "Java2D Disposer" daemon [_thread_blocked, id=22700, stack(0x000000b779a00000,0x000000b779b00000)]
  0x000001eb21b5b3c0 JavaThread "AWT-Shutdown" [_thread_blocked, id=18340, stack(0x000000b779b00000,0x000000b779c00000)]
  0x000001eb21b6c8f0 JavaThread "AWT-Windows" daemon [_thread_in_native, id=23956, stack(0x000000b779c00000,0x000000b779d00000)]
  0x000001eb21bcaac0 JavaThread "AWT-EventQueue-0" [_thread_blocked, id=2444, stack(0x000000b779d00000,0x000000b779e00000)]
  0x000001eb223f74f0 JavaThread "TimerQueue" daemon [_thread_blocked, id=28196, stack(0x000000b77a100000,0x000000b77a200000)]
  0x000001eb7cf6a180 JavaThread "DestroyJavaVM" [_thread_blocked, id=29404, stack(0x000000b778400000,0x000000b778500000)]
  0x000001eb1d604770 JavaThread "C2 CompilerThread1" daemon [_thread_in_native, id=32928, stack(0x000000b77a200000,0x000000b77a300000)]

Other Threads:
  0x000001eb1d5cdb40 VMThread "VM Thread" [stack: 0x000000b778a00000,0x000000b778b00000] [id=23012]
  0x000001eb2194b440 WatcherThread "VM Periodic Task Thread" [stack: 0x000000b779800000,0x000000b779900000] [id=19472]
  0x000001eb7cfc79e0 WorkerThread "GC Thread#0" [stack: 0x000000b778500000,0x000000b778600000] [id=10088]
  0x000001eb7cfd93f0 ConcurrentGCThread "G1 Main Marker" [stack: 0x000000b778600000,0x000000b778700000] [id=24892]
  0x000001eb7cfda5c0 WorkerThread "G1 Conc#0" [stack: 0x000000b778700000,0x000000b778800000] [id=23544]
  0x000001eb1d47f530 ConcurrentGCThread "G1 Refine#0" [stack: 0x000000b778800000,0x000000b778900000] [id=31532]
  0x000001eb1d480070 ConcurrentGCThread "G1 Service" [stack: 0x000000b778900000,0x000000b778a00000] [id=14532]

Threads with active compile tasks:
C2 CompilerThread0    10153 1072       4       java.util.HashMap::put (13 bytes)
C2 CompilerThread1    10153 1071       4       java.util.HashMap::putVal (300 bytes)

VM state: not at safepoint (normal execution)

VM Mutex/Monitor currently owned by a thread: None

Heap address: 0x0000000083800000, size: 1992 MB, Compressed Oops mode: 32-bit

CDS archive(s) mapped at: [0x0000000800000000-0x0000000800c40000-0x0000000800c40000), size 12845056, SharedBaseAddress: 0x0000000800000000, ArchiveRelocationMode: 0.
Compressed class space mapped at: 0x0000000801000000-0x0000000841000000, reserved size: 1073741824
Narrow klass base: 0x0000000800000000, Narrow klass shift: 0, Narrow klass range: 0x100000000

GC Precious Log:
 CardTable entry size: 512
 Card Set container configuration: InlinePtr #cards 5 size 8 Array Of Cards #cards 12 size 40 Howl #buckets 4 coarsen threshold 1843 Howl Bitmap #cards 512 size 80 coarsen threshold 460 Card regions per heap region 1 cards per card region 2048
 CPUs: 8 total, 8 available
 Memory: 7963M
 Large Page Support: Disabled
 NUMA Support: Disabled
 Compressed Oops: Enabled (32-bit)
 Heap Region Size: 1M
 Heap Min Capacity: 8M
 Heap Initial Capacity: 126M
 Heap Max Capacity: 1992M
 Pre-touch: Disabled
 Parallel Workers: 8
 Concurrent Workers: 2
 Concurrent Refinement Workers: 8
 Periodic GC: Disabled

Heap:
 garbage-first heap   total 129024K, used 17408K [0x0000000083800000, 0x0000000100000000)
  region size 1024K, 16 young (16384K), 0 survivors (0K)
 Metaspace       used 9211K, committed 9408K, reserved 1114112K
  class space    used 1022K, committed 1152K, reserved 1048576K

Heap Regions: E=young(eden), S=young(survivor), O=old, HS=humongous(starts), HC=humongous(continues), CS=collection set, F=free, OA=open archive, CA=closed archive, TAMS=top-at-mark-start (previous, next)
|   0|0x0000000083800000, 0x0000000083900000, 0x0000000083900000|100%|HS|  |TAMS 0x0000000083800000, 0x0000000083800000| Complete 
|   1|0x0000000083900000, 0x0000000083a00000, 0x0000000083a00000|100%|HS|  |TAMS 0x0000000083900000, 0x0000000083900000| Complete 
|   2|0x0000000083a00000, 0x0000000083a00000, 0x0000000083b00000|  0%| F|  |TAMS 0x0000000083a00000, 0x0000000083a00000| Untracked 
|   3|0x0000000083b00000, 0x0000000083b00000, 0x0000000083c00000|  0%| F|  |TAMS 0x0000000083b00000, 0x0000000083b00000| Untracked 
|   4|0x0000000083c00000, 0x0000000083c00000, 0x0000000083d00000|  0%| F|  |TAMS 0x0000000083c00000, 0x0000000083c00000| Untracked 
|   5|0x0000000083d00000, 0x0000000083d00000, 0x0000000083e00000|  0%| F|  |TAMS 0x0000000083d00000, 0x0000000083d00000| Untracked 
|   6|0x0000000083e00000, 0x0000000083e00000, 0x0000000083f00000|  0%| F|  |TAMS 0x0000000083e00000, 0x0000000083e00000| Untracked 
|   7|0x0000000083f00000, 0x0000000083f00000, 0x0000000084000000|  0%| F|  |TAMS 0x0000000083f00000, 0x0000000083f00000| Untracked 
|   8|0x0000000084000000, 0x0000000084000000, 0x0000000084100000|  0%| F|  |TAMS 0x0000000084000000, 0x0000000084000000| Untracked 
|   9|0x0000000084100000, 0x0000000084100000, 0x0000000084200000|  0%| F|  |TAMS 0x0000000084100000, 0x0000000084100000| Untracked 
|  10|0x0000000084200000, 0x0000000084200000, 0x0000000084300000|  0%| F|  |TAMS 0x0000000084200000, 0x0000000084200000| Untracked 
|  11|0x0000000084300000, 0x0000000084300000, 0x0000000084400000|  0%| F|  |TAMS 0x0000000084300000, 0x0000000084300000| Untracked 
|  12|0x0000000084400000, 0x0000000084400000, 0x0000000084500000|  0%| F|  |TAMS 0x0000000084400000, 0x0000000084400000| Untracked 
|  13|0x0000000084500000, 0x0000000084500000, 0x0000000084600000|  0%| F|  |TAMS 0x0000000084500000, 0x0000000084500000| Untracked 
|  14|0x0000000084600000, 0x0000000084600000, 0x0000000084700000|  0%| F|  |TAMS 0x0000000084600000, 0x0000000084600000| Untracked 
|  15|0x0000000084700000, 0x0000000084700000, 0x0000000084800000|  0%| F|  |TAMS 0x0000000084700000, 0x0000000084700000| Untracked 
|  16|0x0000000084800000, 0x0000000084800000, 0x0000000084900000|  0%| F|  |TAMS 0x0000000084800000, 0x0000000084800000| Untracked 
|  17|0x0000000084900000, 0x0000000084900000, 0x0000000084a00000|  0%| F|  |TAMS 0x0000000084900000, 0x0000000084900000| Untracked 
|  18|0x0000000084a00000, 0x0000000084a00000, 0x0000000084b00000|  0%| F|  |TAMS 0x0000000084a00000, 0x0000000084a00000| Untracked 
|  19|0x0000000084b00000, 0x0000000084b00000, 0x0000000084c00000|  0%| F|  |TAMS 0x0000000084b00000, 0x0000000084b00000| Untracked 
|  20|0x0000000084c00000, 0x0000000084c00000, 0x0000000084d00000|  0%| F|  |TAMS 0x0000000084c00000, 0x0000000084c00000| Untracked 
|  21|0x0000000084d00000, 0x0000000084d00000, 0x0000000084e00000|  0%| F|  |TAMS 0x0000000084d00000, 0x0000000084d00000| Untracked 
|  22|0x0000000084e00000, 0x0000000084e00000, 0x0000000084f00000|  0%| F|  |TAMS 0x0000000084e00000, 0x0000000084e00000| Untracked 
|  23|0x0000000084f00000, 0x0000000084f00000, 0x0000000085000000|  0%| F|  |TAMS 0x0000000084f00000, 0x0000000084f00000| Untracked 
|  24|0x0000000085000000, 0x0000000085000000, 0x0000000085100000|  0%| F|  |TAMS 0x0000000085000000, 0x0000000085000000| Untracked 
|  25|0x0000000085100000, 0x0000000085100000, 0x0000000085200000|  0%| F|  |TAMS 0x0000000085100000, 0x0000000085100000| Untracked 
|  26|0x0000000085200000, 0x0000000085200000, 0x0000000085300000|  0%| F|  |TAMS 0x0000000085200000, 0x0000000085200000| Untracked 
|  27|0x0000000085300000, 0x0000000085300000, 0x0000000085400000|  0%| F|  |TAMS 0x0000000085300000, 0x0000000085300000| Untracked 
|  28|0x0000000085400000, 0x0000000085400000, 0x0000000085500000|  0%| F|  |TAMS 0x0000000085400000, 0x0000000085400000| Untracked 
|  29|0x0000000085500000, 0x0000000085500000, 0x0000000085600000|  0%| F|  |TAMS 0x0000000085500000, 0x0000000085500000| Untracked 
|  30|0x0000000085600000, 0x0000000085600000, 0x0000000085700000|  0%| F|  |TAMS 0x0000000085600000, 0x0000000085600000| Untracked 
|  31|0x0000000085700000, 0x0000000085700000, 0x0000000085800000|  0%| F|  |TAMS 0x0000000085700000, 0x0000000085700000| Untracked 
|  32|0x0000000085800000, 0x0000000085800000, 0x0000000085900000|  0%| F|  |TAMS 0x0000000085800000, 0x0000000085800000| Untracked 
|  33|0x0000000085900000, 0x0000000085900000, 0x0000000085a00000|  0%| F|  |TAMS 0x0000000085900000, 0x0000000085900000| Untracked 
|  34|0x0000000085a00000, 0x0000000085a00000, 0x0000000085b00000|  0%| F|  |TAMS 0x0000000085a00000, 0x0000000085a00000| Untracked 
|  35|0x0000000085b00000, 0x0000000085b00000, 0x0000000085c00000|  0%| F|  |TAMS 0x0000000085b00000, 0x0000000085b00000| Untracked 
|  36|0x0000000085c00000, 0x0000000085c00000, 0x0000000085d00000|  0%| F|  |TAMS 0x0000000085c00000, 0x0000000085c00000| Untracked 
|  37|0x0000000085d00000, 0x0000000085d00000, 0x0000000085e00000|  0%| F|  |TAMS 0x0000000085d00000, 0x0000000085d00000| Untracked 
|  38|0x0000000085e00000, 0x0000000085e00000, 0x0000000085f00000|  0%| F|  |TAMS 0x0000000085e00000, 0x0000000085e00000| Untracked 
|  39|0x0000000085f00000, 0x0000000085f00000, 0x0000000086000000|  0%| F|  |TAMS 0x0000000085f00000, 0x0000000085f00000| Untracked 
|  40|0x0000000086000000, 0x0000000086000000, 0x0000000086100000|  0%| F|  |TAMS 0x0000000086000000, 0x0000000086000000| Untracked 
|  41|0x0000000086100000, 0x0000000086100000, 0x0000000086200000|  0%| F|  |TAMS 0x0000000086100000, 0x0000000086100000| Untracked 
|  42|0x0000000086200000, 0x0000000086200000, 0x0000000086300000|  0%| F|  |TAMS 0x0000000086200000, 0x0000000086200000| Untracked 
|  43|0x0000000086300000, 0x0000000086300000, 0x0000000086400000|  0%| F|  |TAMS 0x0000000086300000, 0x0000000086300000| Untracked 
|  44|0x0000000086400000, 0x0000000086400000, 0x0000000086500000|  0%| F|  |TAMS 0x0000000086400000, 0x0000000086400000| Untracked 
|  45|0x0000000086500000, 0x0000000086500000, 0x0000000086600000|  0%| F|  |TAMS 0x0000000086500000, 0x0000000086500000| Untracked 
|  46|0x0000000086600000, 0x0000000086600000, 0x0000000086700000|  0%| F|  |TAMS 0x0000000086600000, 0x0000000086600000| Untracked 
|  47|0x0000000086700000, 0x0000000086700000, 0x0000000086800000|  0%| F|  |TAMS 0x0000000086700000, 0x0000000086700000| Untracked 
|  48|0x0000000086800000, 0x0000000086800000, 0x0000000086900000|  0%| F|  |TAMS 0x0000000086800000, 0x0000000086800000| Untracked 
|  49|0x0000000086900000, 0x0000000086900000, 0x0000000086a00000|  0%| F|  |TAMS 0x0000000086900000, 0x0000000086900000| Untracked 
|  50|0x0000000086a00000, 0x0000000086a00000, 0x0000000086b00000|  0%| F|  |TAMS 0x0000000086a00000, 0x0000000086a00000| Untracked 
|  51|0x0000000086b00000, 0x0000000086b00000, 0x0000000086c00000|  0%| F|  |TAMS 0x0000000086b00000, 0x0000000086b00000| Untracked 
|  52|0x0000000086c00000, 0x0000000086c00000, 0x0000000086d00000|  0%| F|  |TAMS 0x0000000086c00000, 0x0000000086c00000| Untracked 
|  53|0x0000000086d00000, 0x0000000086d00000, 0x0000000086e00000|  0%| F|  |TAMS 0x0000000086d00000, 0x0000000086d00000| Untracked 
|  54|0x0000000086e00000, 0x0000000086e00000, 0x0000000086f00000|  0%| F|  |TAMS 0x0000000086e00000, 0x0000000086e00000| Untracked 
|  55|0x0000000086f00000, 0x0000000086f00000, 0x0000000087000000|  0%| F|  |TAMS 0x0000000086f00000, 0x0000000086f00000| Untracked 
|  56|0x0000000087000000, 0x0000000087000000, 0x0000000087100000|  0%| F|  |TAMS 0x0000000087000000, 0x0000000087000000| Untracked 
|  57|0x0000000087100000, 0x0000000087100000, 0x0000000087200000|  0%| F|  |TAMS 0x0000000087100000, 0x0000000087100000| Untracked 
|  58|0x0000000087200000, 0x0000000087200000, 0x0000000087300000|  0%| F|  |TAMS 0x0000000087200000, 0x0000000087200000| Untracked 
|  59|0x0000000087300000, 0x0000000087300000, 0x0000000087400000|  0%| F|  |TAMS 0x0000000087300000, 0x0000000087300000| Untracked 
|  60|0x0000000087400000, 0x0000000087400000, 0x0000000087500000|  0%| F|  |TAMS 0x0000000087400000, 0x0000000087400000| Untracked 
|  61|0x0000000087500000, 0x0000000087500000, 0x0000000087600000|  0%| F|  |TAMS 0x0000000087500000, 0x0000000087500000| Untracked 
|  62|0x0000000087600000, 0x0000000087600000, 0x0000000087700000|  0%| F|  |TAMS 0x0000000087600000, 0x0000000087600000| Untracked 
|  63|0x0000000087700000, 0x0000000087700000, 0x0000000087800000|  0%| F|  |TAMS 0x0000000087700000, 0x0000000087700000| Untracked 
|  64|0x0000000087800000, 0x0000000087800000, 0x0000000087900000|  0%| F|  |TAMS 0x0000000087800000, 0x0000000087800000| Untracked 
|  65|0x0000000087900000, 0x0000000087900000, 0x0000000087a00000|  0%| F|  |TAMS 0x0000000087900000, 0x0000000087900000| Untracked 
|  66|0x0000000087a00000, 0x0000000087a00000, 0x0000000087b00000|  0%| F|  |TAMS 0x0000000087a00000, 0x0000000087a00000| Untracked 
|  67|0x0000000087b00000, 0x0000000087b00000, 0x0000000087c00000|  0%| F|  |TAMS 0x0000000087b00000, 0x0000000087b00000| Untracked 
|  68|0x0000000087c00000, 0x0000000087c00000, 0x0000000087d00000|  0%| F|  |TAMS 0x0000000087c00000, 0x0000000087c00000| Untracked 
|  69|0x0000000087d00000, 0x0000000087d00000, 0x0000000087e00000|  0%| F|  |TAMS 0x0000000087d00000, 0x0000000087d00000| Untracked 
|  70|0x0000000087e00000, 0x0000000087e00000, 0x0000000087f00000|  0%| F|  |TAMS 0x0000000087e00000, 0x0000000087e00000| Untracked 
|  71|0x0000000087f00000, 0x0000000087f00000, 0x0000000088000000|  0%| F|  |TAMS 0x0000000087f00000, 0x0000000087f00000| Untracked 
|  72|0x0000000088000000, 0x0000000088000000, 0x0000000088100000|  0%| F|  |TAMS 0x0000000088000000, 0x0000000088000000| Untracked 
|  73|0x0000000088100000, 0x0000000088100000, 0x0000000088200000|  0%| F|  |TAMS 0x0000000088100000, 0x0000000088100000| Untracked 
|  74|0x0000000088200000, 0x0000000088200000, 0x0000000088300000|  0%| F|  |TAMS 0x0000000088200000, 0x0000000088200000| Untracked 
|  75|0x0000000088300000, 0x0000000088300000, 0x0000000088400000|  0%| F|  |TAMS 0x0000000088300000, 0x0000000088300000| Untracked 
|  76|0x0000000088400000, 0x0000000088400000, 0x0000000088500000|  0%| F|  |TAMS 0x0000000088400000, 0x0000000088400000| Untracked 
|  77|0x0000000088500000, 0x0000000088500000, 0x0000000088600000|  0%| F|  |TAMS 0x0000000088500000, 0x0000000088500000| Untracked 
|  78|0x0000000088600000, 0x0000000088600000, 0x0000000088700000|  0%| F|  |TAMS 0x0000000088600000, 0x0000000088600000| Untracked 
|  79|0x0000000088700000, 0x0000000088700000, 0x0000000088800000|  0%| F|  |TAMS 0x0000000088700000, 0x0000000088700000| Untracked 
|  80|0x0000000088800000, 0x0000000088800000, 0x0000000088900000|  0%| F|  |TAMS 0x0000000088800000, 0x0000000088800000| Untracked 
|  81|0x0000000088900000, 0x0000000088900000, 0x0000000088a00000|  0%| F|  |TAMS 0x0000000088900000, 0x0000000088900000| Untracked 
|  82|0x0000000088a00000, 0x0000000088a00000, 0x0000000088b00000|  0%| F|  |TAMS 0x0000000088a00000, 0x0000000088a00000| Untracked 
|  83|0x0000000088b00000, 0x0000000088b00000, 0x0000000088c00000|  0%| F|  |TAMS 0x0000000088b00000, 0x0000000088b00000| Untracked 
|  84|0x0000000088c00000, 0x0000000088c00000, 0x0000000088d00000|  0%| F|  |TAMS 0x0000000088c00000, 0x0000000088c00000| Untracked 
|  85|0x0000000088d00000, 0x0000000088d00000, 0x0000000088e00000|  0%| F|  |TAMS 0x0000000088d00000, 0x0000000088d00000| Untracked 
|  86|0x0000000088e00000, 0x0000000088e00000, 0x0000000088f00000|  0%| F|  |TAMS 0x0000000088e00000, 0x0000000088e00000| Untracked 
|  87|0x0000000088f00000, 0x0000000088f00000, 0x0000000089000000|  0%| F|  |TAMS 0x0000000088f00000, 0x0000000088f00000| Untracked 
|  88|0x0000000089000000, 0x0000000089000000, 0x0000000089100000|  0%| F|  |TAMS 0x0000000089000000, 0x0000000089000000| Untracked 
|  89|0x0000000089100000, 0x0000000089100000, 0x0000000089200000|  0%| F|  |TAMS 0x0000000089100000, 0x0000000089100000| Untracked 
|  90|0x0000000089200000, 0x0000000089200000, 0x0000000089300000|  0%| F|  |TAMS 0x0000000089200000, 0x0000000089200000| Untracked 
|  91|0x0000000089300000, 0x0000000089300000, 0x0000000089400000|  0%| F|  |TAMS 0x0000000089300000, 0x0000000089300000| Untracked 
|  92|0x0000000089400000, 0x0000000089400000, 0x0000000089500000|  0%| F|  |TAMS 0x0000000089400000, 0x0000000089400000| Untracked 
|  93|0x0000000089500000, 0x0000000089500000, 0x0000000089600000|  0%| F|  |TAMS 0x0000000089500000, 0x0000000089500000| Untracked 
|  94|0x0000000089600000, 0x0000000089600000, 0x0000000089700000|  0%| F|  |TAMS 0x0000000089600000, 0x0000000089600000| Untracked 
|  95|0x0000000089700000, 0x0000000089700000, 0x0000000089800000|  0%| F|  |TAMS 0x0000000089700000, 0x0000000089700000| Untracked 
|  96|0x0000000089800000, 0x0000000089800000, 0x0000000089900000|  0%| F|  |TAMS 0x0000000089800000, 0x0000000089800000| Untracked 
|  97|0x0000000089900000, 0x0000000089900000, 0x0000000089a00000|  0%| F|  |TAMS 0x0000000089900000, 0x0000000089900000| Untracked 
|  98|0x0000000089a00000, 0x0000000089a00000, 0x0000000089b00000|  0%| F|  |TAMS 0x0000000089a00000, 0x0000000089a00000| Untracked 
|  99|0x0000000089b00000, 0x0000000089b00000, 0x0000000089c00000|  0%| F|  |TAMS 0x0000000089b00000, 0x0000000089b00000| Untracked 
| 100|0x0000000089c00000, 0x0000000089c00000, 0x0000000089d00000|  0%| F|  |TAMS 0x0000000089c00000, 0x0000000089c00000| Untracked 
| 101|0x0000000089d00000, 0x0000000089d00000, 0x0000000089e00000|  0%| F|  |TAMS 0x0000000089d00000, 0x0000000089d00000| Untracked 
| 102|0x0000000089e00000, 0x0000000089e00000, 0x0000000089f00000|  0%| F|  |TAMS 0x0000000089e00000, 0x0000000089e00000| Untracked 
| 103|0x0000000089f00000, 0x0000000089f00000, 0x000000008a000000|  0%| F|  |TAMS 0x0000000089f00000, 0x0000000089f00000| Untracked 
| 104|0x000000008a000000, 0x000000008a000000, 0x000000008a100000|  0%| F|  |TAMS 0x000000008a000000, 0x000000008a000000| Untracked 
| 105|0x000000008a100000, 0x000000008a100000, 0x000000008a200000|  0%| F|  |TAMS 0x000000008a100000, 0x000000008a100000| Untracked 
| 106|0x000000008a200000, 0x000000008a200000, 0x000000008a300000|  0%| F|  |TAMS 0x000000008a200000, 0x000000008a200000| Untracked 
| 107|0x000000008a300000, 0x000000008a300000, 0x000000008a400000|  0%| F|  |TAMS 0x000000008a300000, 0x000000008a300000| Untracked 
| 108|0x000000008a400000, 0x000000008a400000, 0x000000008a500000|  0%| F|  |TAMS 0x000000008a400000, 0x000000008a400000| Untracked 
| 109|0x000000008a500000, 0x000000008a500000, 0x000000008a600000|  0%| F|  |TAMS 0x000000008a500000, 0x000000008a500000| Untracked 
| 110|0x000000008a600000, 0x000000008a6ec088, 0x000000008a700000| 92%| E|  |TAMS 0x000000008a600000, 0x000000008a600000| Complete 
| 111|0x000000008a700000, 0x000000008a800000, 0x000000008a800000|100%| E|CS|TAMS 0x000000008a700000, 0x000000008a700000| Complete 
| 112|0x000000008a800000, 0x000000008a900000, 0x000000008a900000|100%| E|CS|TAMS 0x000000008a800000, 0x000000008a800000| Complete 
| 113|0x000000008a900000, 0x000000008aa00000, 0x000000008aa00000|100%| E|CS|TAMS 0x000000008a900000, 0x000000008a900000| Complete 
| 114|0x000000008aa00000, 0x000000008ab00000, 0x000000008ab00000|100%| E|CS|TAMS 0x000000008aa00000, 0x000000008aa00000| Complete 
| 115|0x000000008ab00000, 0x000000008ac00000, 0x000000008ac00000|100%| E|CS|TAMS 0x000000008ab00000, 0x000000008ab00000| Complete 
| 116|0x000000008ac00000, 0x000000008ad00000, 0x000000008ad00000|100%| E|CS|TAMS 0x000000008ac00000, 0x000000008ac00000| Complete 
| 117|0x000000008ad00000, 0x000000008ae00000, 0x000000008ae00000|100%| E|CS|TAMS 0x000000008ad00000, 0x000000008ad00000| Complete 
| 118|0x000000008ae00000, 0x000000008af00000, 0x000000008af00000|100%| E|CS|TAMS 0x000000008ae00000, 0x000000008ae00000| Complete 
| 119|0x000000008af00000, 0x000000008b000000, 0x000000008b000000|100%| E|CS|TAMS 0x000000008af00000, 0x000000008af00000| Complete 
| 120|0x000000008b000000, 0x000000008b100000, 0x000000008b100000|100%| E|CS|TAMS 0x000000008b000000, 0x000000008b000000| Complete 
| 121|0x000000008b100000, 0x000000008b200000, 0x000000008b200000|100%| E|CS|TAMS 0x000000008b100000, 0x000000008b100000| Complete 
| 122|0x000000008b200000, 0x000000008b300000, 0x000000008b300000|100%| E|CS|TAMS 0x000000008b200000, 0x000000008b200000| Complete 
| 123|0x000000008b300000, 0x000000008b400000, 0x000000008b400000|100%| E|CS|TAMS 0x000000008b300000, 0x000000008b300000| Complete 
| 124|0x000000008b400000, 0x000000008b500000, 0x000000008b500000|100%| E|CS|TAMS 0x000000008b400000, 0x000000008b400000| Complete 
| 125|0x000000008b500000, 0x000000008b600000, 0x000000008b600000|100%| E|CS|TAMS 0x000000008b500000, 0x000000008b500000| Complete 

Card table byte_map: [0x000001eb7f680000,0x000001eb7fa70000] _byte_map_base: 0x000001eb7f264000

Marking Bits (Prev, Next): (CMBitMap*) 0x000001eb7cfc9020, (CMBitMap*) 0x000001eb7cfc9060
 Prev Bits: [0x000001eb16e90000, 0x000001eb18db0000)
 Next Bits: [0x000001eb18db0000, 0x000001eb1acd0000)

Polling page: 0x000001eb7d030000

Metaspace:

Usage:
  Non-class:      8.00 MB used.
      Class:   1022.99 KB used.
       Both:      9.00 MB used.

Virtual space:
  Non-class space:       64.00 MB reserved,       8.06 MB ( 13%) committed,  1 nodes.
      Class space:        1.00 GB reserved,       1.12 MB ( <1%) committed,  1 nodes.
             Both:        1.06 GB reserved,       9.19 MB ( <1%) committed. 

Chunk freelists:
   Non-Class:  3.00 MB
       Class:  2.75 MB
        Both:  5.75 MB

MaxMetaspaceSize: unlimited
CompressedClassSpaceSize: 1.00 GB
Initial GC threshold: 21.00 MB
Current GC threshold: 21.00 MB
CDS: on
MetaspaceReclaimPolicy: balanced
 - commit_granule_bytes: 65536.
 - commit_granule_words: 8192.
 - virtual_space_node_default_size: 8388608.
 - enlarge_chunks_in_place: 1.
 - new_chunks_are_fully_committed: 0.
 - uncommit_free_chunks: 1.
 - use_allocation_guard: 0.


Internal statistics:

num_allocs_failed_limit: 0.
num_arena_births: 158.
num_arena_deaths: 0.
num_vsnodes_births: 2.
num_vsnodes_deaths: 0.
num_space_committed: 147.
num_space_uncommitted: 0.
num_chunks_returned_to_freelist: 0.
num_chunks_taken_from_freelist: 196.
num_chunk_merges: 0.
num_chunk_splits: 125.
num_chunks_enlarged: 78.
num_inconsistent_stats: 0.

CodeHeap 'non-profiled nmethods': size=120000Kb used=360Kb max_used=360Kb free=119639Kb
 bounds [0x000001eb0f960000, 0x000001eb0fbd0000, 0x000001eb16e90000]
CodeHeap 'profiled nmethods': size=120000Kb used=1998Kb max_used=1998Kb free=118001Kb
 bounds [0x000001eb07e90000, 0x000001eb08100000, 0x000001eb0f3c0000]
CodeHeap 'non-nmethods': size=5760Kb used=1427Kb max_used=1468Kb free=4332Kb
 bounds [0x000001eb0f3c0000, 0x000001eb0f630000, 0x000001eb0f960000]
 total_blobs=1756 nmethods=1150 adapters=517
 compilation: enabled
              stopped_count=0, restarted_count=0
 full_count=0

Compilation events (20 events):
Event: 10.082 Thread 0x000001eb1d5f4500 nmethod 1080 0x000001eb0f9b8510 code [0x000001eb0f9b86a0, 0x000001eb0f9b8738]
Event: 10.082 Thread 0x000001eb1d5f4500 1081       4       java.lang.StringConcatHelper::prepend (22 bytes)
Event: 10.084 Thread 0x000001eb1d5f4500 nmethod 1081 0x000001eb0f9b8810 code [0x000001eb0f9b89a0, 0x000001eb0f9b8d38]
Event: 10.084 Thread 0x000001eb1d5f4500 1076       4       java.lang.invoke.DirectMethodHandle$Holder::invokeStatic (14 bytes)
Event: 10.085 Thread 0x000001eb1d5f4500 nmethod 1076 0x000001eb0f9b9090 code [0x000001eb0f9b9220, 0x000001eb0f9b92e8]
Event: 10.085 Thread 0x000001eb1d5f4500 1092       4       java.lang.invoke.LambdaForm$MH/0x0000000801001c00::invoke (32 bytes)
Event: 10.086 Thread 0x000001eb1d5f4500 nmethod 1092 0x000001eb0f9b9410 code [0x000001eb0f9b95a0, 0x000001eb0f9b96f8]
Event: 10.086 Thread 0x000001eb1d5f4500 1094       4       java.lang.invoke.DirectMethodHandle$Holder::invokeStatic (17 bytes)
Event: 10.086 Thread 0x000001eb1d5f4500 nmethod 1094 0x000001eb0f9b9890 code [0x000001eb0f9b9a20, 0x000001eb0f9b9b08]
Event: 10.086 Thread 0x000001eb1d5f4500 1095       4       java.lang.invoke.DirectMethodHandle$Holder::invokeStatic (21 bytes)
Event: 10.087 Thread 0x000001eb1d5f4500 nmethod 1095 0x000001eb0f9b9c10 code [0x000001eb0f9b9da0, 0x000001eb0f9b9e88]
Event: 10.087 Thread 0x000001eb1d5f4500 1072       4       java.util.HashMap::put (13 bytes)
Event: 10.089 Thread 0x000001eb1d601560 1155       3       java.util.concurrent.ForkJoinPool::managedBlock (36 bytes)
Event: 10.089 Thread 0x000001eb1d601560 nmethod 1155 0x000001eb08080f90 code [0x000001eb08081200, 0x000001eb08081f78]
Event: 10.089 Thread 0x000001eb1d601560 1156       3       java.util.concurrent.ForkJoinPool::unmanagedBlock (31 bytes)
Event: 10.090 Thread 0x000001eb1d601560 nmethod 1156 0x000001eb08082310 code [0x000001eb08082560, 0x000001eb08082f48]
Event: 10.096 Thread 0x000001eb1d601560 1157       3       java.util.concurrent.locks.AbstractQueuedSynchronizer::casTail (13 bytes)
Event: 10.097 Thread 0x000001eb1d601560 nmethod 1157 0x000001eb08083210 code [0x000001eb080833a0, 0x000001eb08083518]
Event: 10.105 Thread 0x000001eb1d601560 1159       3       java.util.HashSet::remove (20 bytes)
Event: 10.105 Thread 0x000001eb1d601560 nmethod 1159 0x000001eb08083590 code [0x000001eb08083740, 0x000001eb08083988]

GC Heap History (0 events):
No events

Dll operation events (8 events):
Event: 0.008 Loaded shared library C:\Program Files (x86)\Java\jdk-19.0.2\bin\java.dll
Event: 0.014 Loaded shared library C:\Program Files (x86)\Java\jdk-19.0.2\bin\jsvml.dll
Event: 0.273 Loaded shared library C:\Program Files (x86)\Java\jdk-19.0.2\bin\jimage.dll
Event: 0.297 Loaded shared library C:\Program Files (x86)\Java\jdk-19.0.2\bin\awt.dll
Event: 0.494 Loaded shared library C:\Program Files (x86)\Java\jdk-19.0.2\bin\freetype.dll
Event: 0.494 Loaded shared library C:\Program Files (x86)\Java\jdk-19.0.2\bin\fontmanager.dll
Event: 0.577 Loaded shared library C:\Program Files (x86)\Java\jdk-19.0.2\bin\net.dll
Event: 0.579 Loaded shared library C:\Program Files (x86)\Java\jdk-19.0.2\bin\nio.dll

Deoptimization events (20 events):
Event: 9.863 Thread 0x000001eb21bcaac0 DEOPT PACKING pc=0x000001eb07ea56d5 sp=0x000000b779dfcf10
Event: 9.863 Thread 0x000001eb21bcaac0 DEOPT UNPACKING pc=0x000001eb0f427543 sp=0x000000b779dfc388 mode 0
Event: 9.864 Thread 0x000001eb21bcaac0 DEOPT PACKING pc=0x000001eb07ea56d5 sp=0x000000b779dfce70
Event: 9.864 Thread 0x000001eb21bcaac0 DEOPT UNPACKING pc=0x000001eb0f427543 sp=0x000000b779dfc2e8 mode 0
Event: 9.864 Thread 0x000001eb21bcaac0 DEOPT PACKING pc=0x000001eb07ea56d5 sp=0x000000b779dfce70
Event: 9.864 Thread 0x000001eb21bcaac0 DEOPT UNPACKING pc=0x000001eb0f427543 sp=0x000000b779dfc2e8 mode 0
Event: 9.865 Thread 0x000001eb21bcaac0 DEOPT PACKING pc=0x000001eb07ea56d5 sp=0x000000b779dfce70
Event: 9.865 Thread 0x000001eb21bcaac0 DEOPT UNPACKING pc=0x000001eb0f427543 sp=0x000000b779dfc2e8 mode 0
Event: 9.865 Thread 0x000001eb21bcaac0 Uncommon trap: trap_request=0xffffff45 fr.pc=0x000001eb0f997ad0 relative=0x0000000000000310
Event: 9.865 Thread 0x000001eb21bcaac0 Uncommon trap: reason=unstable_if action=reinterpret pc=0x000001eb0f997ad0 method=java.util.HashMap.getNode(Ljava/lang/Object;)Ljava/util/HashMap$Node; @ 66 c2
Event: 9.865 Thread 0x000001eb21bcaac0 DEOPT PACKING pc=0x000001eb0f997ad0 sp=0x000000b779dfd250
Event: 9.865 Thread 0x000001eb21bcaac0 DEOPT UNPACKING pc=0x000001eb0f426da3 sp=0x000000b779dfd1e0 mode 2
Event: 9.970 Thread 0x000001eb21bcaac0 Uncommon trap: trap_request=0xffffffde fr.pc=0x000001eb0f97e240 relative=0x00000000000001a0
Event: 9.970 Thread 0x000001eb21bcaac0 Uncommon trap: reason=class_check action=maybe_recompile pc=0x000001eb0f97e240 method=java.lang.String.equals(Ljava/lang/Object;)Z @ 8 c2
Event: 9.970 Thread 0x000001eb21bcaac0 DEOPT PACKING pc=0x000001eb0f97e240 sp=0x000000b779dfdc30
Event: 9.970 Thread 0x000001eb21bcaac0 DEOPT UNPACKING pc=0x000001eb0f426da3 sp=0x000000b779dfdbd8 mode 2
Event: 9.970 Thread 0x000001eb21bcaac0 Uncommon trap: trap_request=0xffffffde fr.pc=0x000001eb0f97e240 relative=0x00000000000001a0
Event: 9.970 Thread 0x000001eb21bcaac0 Uncommon trap: reason=class_check action=maybe_recompile pc=0x000001eb0f97e240 method=java.lang.String.equals(Ljava/lang/Object;)Z @ 8 c2
Event: 9.970 Thread 0x000001eb21bcaac0 DEOPT PACKING pc=0x000001eb0f97e240 sp=0x000000b779dfdc30
Event: 9.970 Thread 0x000001eb21bcaac0 DEOPT UNPACKING pc=0x000001eb0f426da3 sp=0x000000b779dfdbd8 mode 2

Classes loaded (20 events):
Event: 9.965 Loading class javax/swing/event/DocumentEvent$EventType
Event: 9.965 Loading class javax/swing/event/DocumentEvent$EventType done
Event: 9.968 Loading class javax/swing/event/DocumentEvent$ElementChange
Event: 9.968 Loading class javax/swing/event/DocumentEvent$ElementChange done
Event: 9.968 Loading class javax/swing/JLayer
Event: 9.969 Loading class javax/swing/JLayer done
Event: 9.969 Loading class javax/swing/text/AbstractDocument$UndoRedoDocumentEvent
Event: 9.969 Loading class javax/swing/text/AbstractDocument$UndoRedoDocumentEvent done
Event: 9.969 Loading class javax/swing/text/DefaultCaret$1
Event: 9.969 Loading class javax/swing/text/DefaultCaret$1 done
Event: 9.969 Loading class javax/swing/event/UndoableEditEvent
Event: 9.970 Loading class javax/swing/event/UndoableEditEvent done
Event: 9.970 Loading class javax/swing/text/AbstractDocument$DefaultDocumentEventUndoableWrapper
Event: 9.970 Loading class sun/swing/text/UndoableEditLockSupport
Event: 9.970 Loading class sun/swing/text/UndoableEditLockSupport done
Event: 9.970 Loading class javax/swing/text/AbstractDocument$DefaultDocumentEventUndoableWrapper done
Event: 9.970 Loading class javax/swing/event/UndoableEditListener
Event: 9.970 Loading class javax/swing/event/UndoableEditListener done
Event: 9.971 Loading class javax/swing/RepaintManager$3
Event: 9.971 Loading class javax/swing/RepaintManager$3 done

Classes unloaded (0 events):
No events

Classes redefined (0 events):
No events

Internal exceptions (13 events):
Event: 0.283 Thread 0x000001eb7cf6a180 Exception <a 'java/lang/ClassNotFoundException'{0x000000008b44e9e8}: sun/awt/resources/spi/awtProvider> (0x000000008b44e9e8) 
thrown [s\open\src\hotspot\share\classfile\systemDictionary.cpp, line 255]
Event: 0.318 Thread 0x000001eb7cf6a180 Exception <a 'java/io/FileNotFoundException'{0x000000008b331b10}> (0x000000008b331b10) 
thrown [s\open\src\hotspot\share\prims\jni.cpp, line 517]
Event: 0.330 Thread 0x000001eb7cf6a180 Exception <a 'java/io/FileNotFoundException'{0x000000008b35e018}> (0x000000008b35e018) 
thrown [s\open\src\hotspot\share\prims\jni.cpp, line 517]
Event: 0.358 Thread 0x000001eb7cf6a180 Exception <a 'java/lang/NoSuchMethodError'{0x000000008b39e3b0}: 'java.lang.Object java.lang.invoke.DirectMethodHandle$Holder.invokeStaticInit(java.lang.Object)'> (0x000000008b39e3b0) 
thrown [s\open\src\hotspot\share\interpreter\linkResolver.cpp, line 774]
Event: 0.417 Thread 0x000001eb7cf6a180 Exception <a 'java/lang/NoSuchMethodError'{0x000000008b27e018}: 'void java.lang.invoke.DirectMethodHandle$Holder.invokeSpecial(java.lang.Object, java.lang.Object, java.lang.Object)'> (0x000000008b27e018) 
thrown [s\open\src\hotspot\share\interpreter\linkResolver.cpp, line 774]
Event: 0.425 Thread 0x000001eb7cf6a180 Exception <a 'java/lang/NoSuchMethodError'{0x000000008b2a8b30}: 'java.lang.Object java.lang.invoke.DirectMethodHandle$Holder.newInvokeSpecial(java.lang.Object, java.lang.Object, java.lang.Object, java.lang.Object, java.lang.Object)'> (0x000000008b2a8b30) 
thrown [s\open\src\hotspot\share\interpreter\linkResolver.cpp, line 774]
Event: 0.429 Thread 0x000001eb7cf6a180 Exception <a 'java/lang/NoSuchMethodError'{0x000000008b2da218}: 'java.lang.Object java.lang.invoke.DirectMethodHandle$Holder.invokeStatic(java.lang.Object, int, java.lang.Object)'> (0x000000008b2da218) 
thrown [s\open\src\hotspot\share\interpreter\linkResolver.cpp, line 774]
Event: 0.444 Thread 0x000001eb7cf6a180 Exception <a 'java/lang/ClassNotFoundException'{0x000000008b1a9c38}: com/sun/swing/internal/plaf/metal/resources/spi/metalProvider> (0x000000008b1a9c38) 
thrown [s\open\src\hotspot\share\classfile\systemDictionary.cpp, line 255]
Event: 0.445 Thread 0x000001eb7cf6a180 Exception <a 'java/lang/ClassNotFoundException'{0x000000008b1adc38}: com/sun/swing/internal/plaf/basic/resources/spi/basicProvider> (0x000000008b1adc38) 
thrown [s\open\src\hotspot\share\classfile\systemDictionary.cpp, line 255]
Event: 0.450 Thread 0x000001eb7cf6a180 Exception <a 'java/lang/NoSuchMethodError'{0x000000008b1ce0b0}: 'int java.lang.invoke.Invokers$Holder.invokeExact_MT(java.lang.Object, java.lang.Object)'> (0x000000008b1ce0b0) 
thrown [s\open\src\hotspot\share\interpreter\linkResolver.cpp, line 774]
Event: 0.480 Thread 0x000001eb21b6c8f0 Exception <a 'java/lang/NoSuchMethodError'{0x000000008b21d970}: 'void java.lang.invoke.DirectMethodHandle$Holder.invokeVirtual(java.lang.Object, java.lang.Object)'> (0x000000008b21d970) 
thrown [s\open\src\hotspot\share\interpreter\linkResolver.cpp, line 774]
Event: 0.490 Thread 0x000001eb7cf6a180 Exception <a 'java/lang/NoSuchMethodError'{0x000000008b0953f8}: 'void java.lang.invoke.DirectMethodHandle$Holder.invokeStaticInit(java.lang.Object)'> (0x000000008b0953f8) 
thrown [s\open\src\hotspot\share\interpreter\linkResolver.cpp, line 774]
Event: 9.948 Thread 0x000001eb21bcaac0 Exception <a 'java/lang/NoSuchMethodError'{0x000000008a645108}: 'void java.lang.invoke.DirectMethodHandle$Holder.invokeSpecial(java.lang.Object, java.lang.Object, java.lang.Object, java.lang.Object, java.lang.Object)'> (0x000000008a645108) 
thrown [s\open\src\hotspot\share\interpreter\linkResolver.cpp, line 774]

VM Operations (18 events):
Event: 0.038 Executing VM operation: ChangeBreakpoints
Event: 0.038 Executing VM operation: ChangeBreakpoints done
Event: 0.444 Executing VM operation: HandshakeAllThreads
Event: 0.444 Executing VM operation: HandshakeAllThreads done
Event: 0.452 Executing VM operation: HandshakeAllThreads
Event: 0.452 Executing VM operation: HandshakeAllThreads done
Event: 0.464 Executing VM operation: HandshakeAllThreads
Event: 0.464 Executing VM operation: HandshakeAllThreads done
Event: 1.475 Executing VM operation: Cleanup
Event: 1.475 Executing VM operation: Cleanup done
Event: 2.482 Executing VM operation: Cleanup
Event: 2.482 Executing VM operation: Cleanup done
Event: 3.495 Executing VM operation: Cleanup
Event: 3.495 Executing VM operation: Cleanup done
Event: 4.504 Executing VM operation: Cleanup
Event: 4.504 Executing VM operation: Cleanup done
Event: 5.516 Executing VM operation: Cleanup
Event: 5.516 Executing VM operation: Cleanup done

Events (20 events):
Event: 0.022 Thread 0x000001eb1d5ec950 Thread added: 0x000001eb1d5ec950
Event: 0.022 Thread 0x000001eb1d5f03a0 Thread added: 0x000001eb1d5f03a0
Event: 0.022 Thread 0x000001eb1d5f0cd0 Thread added: 0x000001eb1d5f0cd0
Event: 0.023 Thread 0x000001eb1d5f1e20 Thread added: 0x000001eb1d5f1e20
Event: 0.023 Thread 0x000001eb1d5f4500 Thread added: 0x000001eb1d5f4500
Event: 0.023 Thread 0x000001eb1d601560 Thread added: 0x000001eb1d601560
Event: 0.023 Thread 0x000001eb1d630fd0 Thread added: 0x000001eb1d630fd0
Event: 0.038 Thread 0x000001eb21941c00 Thread added: 0x000001eb21941c00
Event: 0.038 Thread 0x000001eb21946590 Thread added: 0x000001eb21946590
Event: 0.038 Thread 0x000001eb21946ae0 Thread added: 0x000001eb21946ae0
Event: 0.239 Thread 0x000001eb2194af00 Thread added: 0x000001eb2194af00
Event: 0.245 Thread 0x000001eb2194b8a0 Thread added: 0x000001eb2194b8a0
Event: 0.359 Thread 0x000001eb21b26530 Thread added: 0x000001eb21b26530
Event: 0.359 Thread 0x000001eb21b5b3c0 Thread added: 0x000001eb21b5b3c0
Event: 0.361 Thread 0x000001eb21b6c8f0 Thread added: 0x000001eb21b6c8f0
Event: 0.479 Thread 0x000001eb21bcaac0 Thread added: 0x000001eb21bcaac0
Event: 0.645 Thread 0x000001eb223f74f0 Thread added: 0x000001eb223f74f0
Event: 0.666 Thread 0x000001eb7cf6a180 Thread exited: 0x000001eb7cf6a180
Event: 0.666 Thread 0x000001eb7cf6a180 Thread added: 0x000001eb7cf6a180
Event: 9.862 Thread 0x000001eb1d604770 Thread added: 0x000001eb1d604770


Dynamic libraries:
0x00007ff6ed480000 - 0x00007ff6ed48e000 	C:\Program Files (x86)\Java\jdk-19.0.2\bin\java.exe
0x00007ffc48770000 - 0x00007ffc48987000 	C:\WINDOWS\SYSTEM32\ntdll.dll
0x00007ffc47170000 - 0x00007ffc47234000 	C:\WINDOWS\System32\KERNEL32.DLL
0x00007ffc45f40000 - 0x00007ffc462e7000 	C:\WINDOWS\System32\KERNELBASE.dll
0x00007ffc463b0000 - 0x00007ffc464c1000 	C:\WINDOWS\System32\ucrtbase.dll
0x00007ffc33660000 - 0x00007ffc3367b000 	C:\Program Files (x86)\Java\jdk-19.0.2\bin\VCRUNTIME140.dll
0x00007ffc1c2f0000 - 0x00007ffc1c307000 	C:\Program Files (x86)\Java\jdk-19.0.2\bin\jli.dll
0x00007ffc467b0000 - 0x00007ffc4695e000 	C:\WINDOWS\System32\USER32.dll
0x00007ffc45e90000 - 0x00007ffc45eb6000 	C:\WINDOWS\System32\win32u.dll
0x00007ffc21da0000 - 0x00007ffc22033000 	C:\WINDOWS\WinSxS\amd64_microsoft.windows.common-controls_6595b64144ccf1df_6.0.22621.2506_none_270c5ae97388e100\COMCTL32.dll
0x00007ffc47e40000 - 0x00007ffc47e69000 	C:\WINDOWS\System32\GDI32.dll
0x00007ffc46530000 - 0x00007ffc465d7000 	C:\WINDOWS\System32\msvcrt.dll
0x00007ffc45d00000 - 0x00007ffc45e19000 	C:\WINDOWS\System32\gdi32full.dll
0x00007ffc45c60000 - 0x00007ffc45cfa000 	C:\WINDOWS\System32\msvcp_win.dll
0x00007ffc47e00000 - 0x00007ffc47e31000 	C:\WINDOWS\System32\IMM32.DLL
0x00007ffc3de60000 - 0x00007ffc3de6c000 	C:\Program Files (x86)\Java\jdk-19.0.2\bin\vcruntime140_1.dll
0x00007ffbeebb0000 - 0x00007ffbeec3e000 	C:\Program Files (x86)\Java\jdk-19.0.2\bin\msvcp140.dll
0x00007ffbbe0d0000 - 0x00007ffbbed90000 	C:\Program Files (x86)\Java\jdk-19.0.2\bin\server\jvm.dll
0x00007ffc47ab0000 - 0x00007ffc47b60000 	C:\WINDOWS\System32\ADVAPI32.dll
0x00007ffc47520000 - 0x00007ffc475c6000 	C:\WINDOWS\System32\sechost.dll
0x00007ffc46f60000 - 0x00007ffc47077000 	C:\WINDOWS\System32\RPCRT4.dll
0x00007ffc3b290000 - 0x00007ffc3b299000 	C:\WINDOWS\SYSTEM32\WSOCK32.dll
0x00007ffc3dd80000 - 0x00007ffc3ddb4000 	C:\WINDOWS\SYSTEM32\WINMM.dll
0x00007ffc3d6d0000 - 0x00007ffc3d6da000 	C:\WINDOWS\SYSTEM32\VERSION.dll
0x00007ffc46b10000 - 0x00007ffc46b81000 	C:\WINDOWS\System32\WS2_32.dll
0x00007ffc44b00000 - 0x00007ffc44b18000 	C:\WINDOWS\SYSTEM32\kernel.appcore.dll
0x00007ffc33650000 - 0x00007ffc3365a000 	C:\Program Files (x86)\Java\jdk-19.0.2\bin\jimage.dll
0x00007ffc43440000 - 0x00007ffc43673000 	C:\WINDOWS\SYSTEM32\DBGHELP.DLL
0x00007ffc46b90000 - 0x00007ffc46f19000 	C:\WINDOWS\System32\combase.dll
0x00007ffc47240000 - 0x00007ffc47317000 	C:\WINDOWS\System32\OLEAUT32.dll
0x00007ffc11410000 - 0x00007ffc11442000 	C:\WINDOWS\SYSTEM32\dbgcore.DLL
0x00007ffc45ec0000 - 0x00007ffc45f3a000 	C:\WINDOWS\System32\bcryptPrimitives.dll
0x00007ffc17dd0000 - 0x00007ffc17e0c000 	C:\Program Files (x86)\Java\jdk-19.0.2\bin\jdwp.dll
0x00007ffc16e60000 - 0x00007ffc16e86000 	C:\Program Files (x86)\Java\jdk-19.0.2\bin\java.dll
0x00007ffbee7a0000 - 0x00007ffbee877000 	C:\Program Files (x86)\Java\jdk-19.0.2\bin\jsvml.dll
0x00007ffc47e70000 - 0x00007ffc486c9000 	C:\WINDOWS\System32\SHELL32.dll
0x00007ffc43a10000 - 0x00007ffc44304000 	C:\WINDOWS\SYSTEM32\windows.storage.dll
0x00007ffc438d0000 - 0x00007ffc43a0e000 	C:\WINDOWS\SYSTEM32\wintypes.dll
0x00007ffc46960000 - 0x00007ffc46a53000 	C:\WINDOWS\System32\SHCORE.dll
0x00007ffc464d0000 - 0x00007ffc4652e000 	C:\WINDOWS\System32\shlwapi.dll
0x00007ffc45a20000 - 0x00007ffc45a46000 	C:\WINDOWS\SYSTEM32\profapi.dll
0x00007ffc33610000 - 0x00007ffc3361c000 	C:\Program Files (x86)\Java\jdk-19.0.2\bin\dt_socket.dll
0x00007ffc44570000 - 0x00007ffc4459d000 	C:\WINDOWS\SYSTEM32\IPHLPAPI.DLL
0x00007ffc45060000 - 0x00007ffc450c9000 	C:\WINDOWS\system32\mswsock.dll
0x00007ffc445e0000 - 0x00007ffc446d9000 	C:\WINDOWS\SYSTEM32\DNSAPI.dll
0x00007ffc46f20000 - 0x00007ffc46f29000 	C:\WINDOWS\System32\NSI.dll
0x00007ffc3ccf0000 - 0x00007ffc3ccfa000 	C:\Windows\System32\rasadhlp.dll
0x00007ffc3c290000 - 0x00007ffc3c313000 	C:\WINDOWS\System32\fwpuclnt.dll
0x00007ffbe4220000 - 0x00007ffbe43b0000 	C:\Program Files (x86)\Java\jdk-19.0.2\bin\awt.dll
0x00007ffc42a90000 - 0x00007ffc42b27000 	C:\WINDOWS\SYSTEM32\apphelp.dll
0x00007ffc42f90000 - 0x00007ffc42fbb000 	C:\WINDOWS\system32\DWMAPI.DLL
0x00007ffc42c50000 - 0x00007ffc42cfb000 	C:\WINDOWS\system32\uxtheme.dll
0x00007ffc1ae20000 - 0x00007ffc1af20000 	C:\WINDOWS\system32\opengl32.dll
0x00007ffc31770000 - 0x00007ffc3179d000 	C:\WINDOWS\SYSTEM32\GLU32.dll
0x00007ffc42d50000 - 0x00007ffc42d86000 	C:\WINDOWS\SYSTEM32\dxcore.dll
0x00007ffc473d0000 - 0x00007ffc4751f000 	C:\WINDOWS\System32\MSCTF.dll
0x00007ffc47b60000 - 0x00007ffc47d00000 	C:\WINDOWS\System32\ole32.dll
0x00007ffbed7a0000 - 0x00007ffbed826000 	C:\Program Files (x86)\Java\jdk-19.0.2\bin\freetype.dll
0x00007ffbeae10000 - 0x00007ffbeaed6000 	C:\Program Files (x86)\Java\jdk-19.0.2\bin\fontmanager.dll
0x00007ffc47320000 - 0x00007ffc473d0000 	C:\WINDOWS\System32\clbcatq.dll
0x00007ffc414b0000 - 0x00007ffc41660000 	C:\WINDOWS\SYSTEM32\WindowsCodecs.dll
0x00007ffc18020000 - 0x00007ffc1807e000 	C:\WINDOWS\system32\dataexchange.dll
0x00007ffc39f50000 - 0x00007ffc3a1d5000 	C:\WINDOWS\system32\twinapi.appcore.dll
0x00007ffc3b630000 - 0x00007ffc3b77a000 	C:\WINDOWS\SYSTEM32\textinputframework.dll
0x00007ffc24970000 - 0x00007ffc249bb000 	C:\WINDOWS\system32\ApplicationTargetedFeatureDatabase.dll
0x00007ffc165d0000 - 0x00007ffc165e3000 	C:\Program Files (x86)\Java\jdk-19.0.2\bin\net.dll
0x00007ffc3e8e0000 - 0x00007ffc3ea17000 	C:\WINDOWS\SYSTEM32\WINHTTP.dll
0x00007ffc142f0000 - 0x00007ffc14306000 	C:\Program Files (x86)\Java\jdk-19.0.2\bin\nio.dll
0x00007ffc427a0000 - 0x00007ffc428d3000 	C:\WINDOWS\SYSTEM32\CoreMessaging.dll
0x00007ffc3d2e0000 - 0x00007ffc3d64c000 	C:\WINDOWS\SYSTEM32\CoreUIComponents.dll
0x00007ffc452b0000 - 0x00007ffc452bc000 	C:\WINDOWS\SYSTEM32\CRYPTBASE.DLL

dbghelp: loaded successfully - version: 4.0.5 - missing functions: none
symbol engine: initialized successfully - sym options: 0x614 - pdb path: .;C:\Program Files (x86)\Java\jdk-19.0.2\bin;C:\WINDOWS\SYSTEM32;C:\WINDOWS\WinSxS\amd64_microsoft.windows.common-controls_6595b64144ccf1df_6.0.22621.2506_none_270c5ae97388e100;C:\Program Files (x86)\Java\jdk-19.0.2\bin\server

VM Arguments:
jvm_args: -agentlib:jdwp=transport=dt_socket,server=n,suspend=y,address=localhost:49317 -XX:+ShowCodeDetailsInExceptionMessages 
java_command: gui.Main
java_class_path (initial): C:\Users\cimbo\Desktop\my works\year 3\jvm\cw\gui\cw_gui\gui\bin
Launcher Type: SUN_STANDARD

[Global flags]
     intx CICompilerCount                          = 4                                         {product} {ergonomic}
     uint ConcGCThreads                            = 2                                         {product} {ergonomic}
     uint G1ConcRefinementThreads                  = 8                                         {product} {ergonomic}
   size_t G1HeapRegionSize                         = 1048576                                   {product} {ergonomic}
    uintx GCDrainStackTargetSize                   = 64                                        {product} {ergonomic}
   size_t InitialHeapSize                          = 132120576                                 {product} {ergonomic}
   size_t MarkStackSize                            = 4194304                                   {product} {ergonomic}
   size_t MaxHeapSize                              = 2088763392                                {product} {ergonomic}
   size_t MaxNewSize                               = 1253048320                                {product} {ergonomic}
   size_t MinHeapDeltaBytes                        = 1048576                                   {product} {ergonomic}
   size_t MinHeapSize                              = 8388608                                   {product} {ergonomic}
    uintx NonNMethodCodeHeapSize                   = 5839372                                {pd product} {ergonomic}
    uintx NonProfiledCodeHeapSize                  = 122909434                              {pd product} {ergonomic}
    uintx ProfiledCodeHeapSize                     = 122909434                              {pd product} {ergonomic}
    uintx ReservedCodeCacheSize                    = 251658240                              {pd product} {ergonomic}
     bool SegmentedCodeCache                       = true                                      {product} {ergonomic}
     bool ShowCodeDetailsInExceptionMessages       = true                                   {manageable} {command line}
   size_t SoftMaxHeapSize                          = 2088763392                             {manageable} {ergonomic}
     bool UseCompressedClassPointers               = true                           {product lp64_product} {ergonomic}
     bool UseCompressedOops                        = true                           {product lp64_product} {ergonomic}
     bool UseG1GC                                  = true                                      {product} {ergonomic}
     bool UseLargePagesIndividualAllocation        = false                                  {pd product} {ergonomic}

Logging:
Log output configuration:
 #0: stdout all=warning uptime,level,tags foldmultilines=false
 #1: stderr all=off uptime,level,tags foldmultilines=false

Environment Variables:
JAVA_HOME=C:\Program Files (x86)\Java\jdk-19.0.2
PATH=C:\Python311\Scripts\;C:\Python311\;C:\Program Files\Common Files\Oracle\Java\javapath;C:\Program Files (x86)\Common Files\Oracle\Java\javapath;C:\windows\system32;C:\windows;C:\windows\System32\Wbem;C:\windows\System32\WindowsPowerShell\v1.0\;C:\windows\System32\OpenSSH\;C:\Program Files (x86)\NVIDIA Corporation\PhysX\Common;C:\Program Files\NVIDIA Corporation\NVIDIA NvDLISR;C:\Program Files (x86)\dotnet\;C:\WINDOWS\system32;C:\WINDOWS;C:\WINDOWS\System32\Wbem;C:\WINDOWS\System32\WindowsPowerShell\v1.0\;C:\WINDOWS\System32\OpenSSH\;C:\Program Files\Git\cmd;C:\Program Files\Aladdin\eToken\PKIClient\x32;C:\Program Files\Aladdin\eToken\PKIClient\x64;C:\Program Files\dotnet\;C:\ProgramData\chocolatey\bin;C:\Program Files\nodejs\;C:\Users\cimbo\AppData\Local\Microsoft\WindowsApps;C:\Users\cimbo\AppData\Local\Programs\Microsoft VS Code\bin;C:\Users\cimbo\AppData\Local\GitHubDesktop\bin;C:\Program Files (x86)\Java\jdk-19.0.2\bin;C:\Users\cimbo\AppData\Roaming\npm;C:\Users\cimbo\AppData\Local\Programs\Python\Python39\Scripts;C:\kotlinc\bin;C:\Python311;C:\Python311\Scripts;
USERNAME=cimbo
LANG=en_US.UTF-8
OS=Windows_NT
PROCESSOR_IDENTIFIER=Intel64 Family 6 Model 165 Stepping 2, GenuineIntel
TMP=C:\Users\cimbo\AppData\Local\Temp
TEMP=C:\Users\cimbo\AppData\Local\Temp



---------------  S Y S T E M  ---------------

OS:
 Windows 11 , 64 bit Build 22621 (10.0.22621.2506)
OS uptime: 2 days 6:00 hours

CPU: total 8 (initial active 8) (4 cores per cpu, 2 threads per core) family 6 model 165 stepping 2 microcode 0xec, cx8, cmov, fxsr, ht, mmx, 3dnowpref, sse, sse2, sse3, ssse3, sse4.1, sse4.2, popcnt, lzcnt, tsc, tscinvbit, avx, avx2, aes, erms, clmul, bmi1, bmi2, adx, fma, vzeroupper, clflush, clflushopt, rdtscp

Memory: 4k page, system-wide physical 7963M (475M free)
TotalPageFile size 32539M (AvailPageFile size 61M)
current process WorkingSet (physical memory assigned to process): 99M, peak: 103M
current process commit charge ("private bytes"): 255M, peak: 258M

vm_info: OpenJDK 64-Bit Server VM (19.0.2+7-44) for windows-amd64 JRE (19.0.2+7-44), built on 2022-11-30T18:02:09Z by "mach5one" with MS VC++ 17.1 (VS2022)

END.
